Game/build/demo/platforms/android/app/build/intermediates/manifest_merge_blame_file/debug/manifest-merger-blame-debug-report.txt
1<?xml version="1.0" encoding="utf-8"?>
2<manifest xmlns:android="http://schemas.android.com/apk/res/android"
3    package="com.test.demo"
4    android:hardwareAccelerated="true"
5    android:versionCode="10000"
6    android:versionName="1.0.0" >
7
8    <uses-sdk
9        android:minSdkVersion="22"
9-->src/main/AndroidManifest.xml
10        android:targetSdkVersion="29" />
10-->src/main/AndroidManifest.xml
11
12    <supports-screens
12-->src/main/AndroidManifest.xml:3:5-191
13        android:anyDensity="true"
13-->src/main/AndroidManifest.xml:3:23-48
14        android:largeScreens="true"
14-->src/main/AndroidManifest.xml:3:49-76
15        android:normalScreens="true"
15-->src/main/AndroidManifest.xml:3:77-105
16        android:resizeable="true"
16-->src/main/AndroidManifest.xml:3:106-131
17        android:smallScreens="true"
17-->src/main/AndroidManifest.xml:3:132-159
18        android:xlargeScreens="true" />
18-->src/main/AndroidManifest.xml:3:160-188
19
20    <uses-permission android:name="android.permission.INTERNET" />
20-->src/main/AndroidManifest.xml:4:5-67
20-->src/main/AndroidManifest.xml:4:22-64
21    <uses-permission android:name="android.permission.ACCESS_NETWORK_STATE" />
21-->src/main/AndroidManifest.xml:5:5-79
21-->src/main/AndroidManifest.xml:5:22-76
22    <uses-permission android:name="android.permission.ACCESS_WIFI_STATE" />
22-->src/main/AndroidManifest.xml:6:5-76
22-->src/main/AndroidManifest.xml:6:22-73
23
24    <application
24-->src/main/AndroidManifest.xml:7:5-14:19
25        android:debuggable="true"
26        android:hardwareAccelerated="true"
26-->src/main/AndroidManifest.xml:7:18-52
27        android:icon="@mipmap/ic_launcher"
27-->src/main/AndroidManifest.xml:7:114-148
28        android:label="@string/app_name"
28-->src/main/AndroidManifest.xml:7:149-181
29        android:networkSecurityConfig="@xml/network_security_config"
29-->src/main/AndroidManifest.xml:7:53-113
30        android:supportsRtl="true"
30-->src/main/AndroidManifest.xml:7:182-208
31        android:usesCleartextTraffic="true" >
31-->src/main/AndroidManifest.xml:7:209-244
32        <activity
32-->src/main/AndroidManifest.xml:8:9-13:20
33            android:name="com.test.demo.MainActivity"
33-->src/main/AndroidManifest.xml:8:205-232
34            android:configChanges="orientation|keyboardHidden|keyboard|screenSize|locale|smallestScreenSize|screenLayout|uiMode"
34-->src/main/AndroidManifest.xml:8:19-135
35            android:label="@string/activity_name"
35-->src/main/AndroidManifest.xml:8:136-173
36            android:launchMode="singleTop"
36-->src/main/AndroidManifest.xml:8:174-204
37            android:theme="@android:style/Theme.DeviceDefault.NoActionBar"
37-->src/main/AndroidManifest.xml:8:233-295
38            android:windowSoftInputMode="adjustResize" >
38-->src/main/AndroidManifest.xml:8:296-338
39            <intent-filter android:label="@string/launcher_name" >
39-->src/main/AndroidManifest.xml:9:13-12:29
39-->src/main/AndroidManifest.xml:9:28-65
40                <action android:name="android.intent.action.MAIN" />
40-->src/main/AndroidManifest.xml:10:17-69
40-->src/main/AndroidManifest.xml:10:25-66
41
42                <category android:name="android.intent.category.LAUNCHER" />
42-->src/main/AndroidManifest.xml:11:17-77
42-->src/main/AndroidManifest.xml:11:27-74
43            </intent-filter>
44        </activity>
45    </application>
46
47</manifest>